==========================================
SLURM_CLUSTER_NAME = paramhimalaya
SLURM_ARRAY_JOB_ID = 
SLURM_ARRAY_TASK_ID = 
SLURM_ARRAY_TASK_COUNT = 
SLURM_ARRAY_TASK_MAX = 
SLURM_ARRAY_TASK_MIN = 
SLURM_JOB_ACCOUNT = iitmandi
SLURM_JOB_ID = 566140
SLURM_JOB_NAME = hyper-Certified-Robustness.job
SLURM_JOB_NODELIST = gpu005
SLURM_JOB_USER = ravihm.scee.iitmandi
SLURM_JOB_UID = 46161
SLURM_JOB_PARTITION = gpu
SLURM_TASK_PID = 32601
SLURM_SUBMIT_DIR = /home/ravihm.scee.iitmandi/Certified-Robustness
SLURM_CPUS_ON_NODE = 1
SLURM_NTASKS = 
SLURM_TASK_PID = 32601
==========================================

CommandNotFoundError: Your shell has not been properly configured to use 'conda activate'.
To initialize your shell, run

    $ conda init <SHELL_NAME>

Currently supported shells are:
  - bash
  - fish
  - tcsh
  - xonsh
  - zsh
  - powershell

See 'conda init --help' for more information and options.

IMPORTANT: You may need to close and restart your shell after running 'conda init'.


/var/share/slurm/d/job566140/slurm_script: line 15: accelerate: command not found
/var/share/slurm/d/job566140/slurm_script: line 17: accelerate: command not found
/var/share/slurm/d/job566140/slurm_script: line 19: accelerate: command not found
/var/share/slurm/d/job566140/slurm_script: line 21: accelerate: command not found
/var/share/slurm/d/job566140/slurm_script: line 23: accelerate: command not found
/var/share/slurm/d/job566140/slurm_script: line 25: accelerate: command not found
/var/share/slurm/d/job566140/slurm_script: line 27: accelerate: command not found
/var/share/slurm/d/job566140/slurm_script: line 29: accelerate: command not found
/var/share/slurm/d/job566140/slurm_script: line 31: accelerate: command not found
/var/share/slurm/d/job566140/slurm_script: line 34: accelerate: command not found
/var/share/slurm/d/job566140/slurm_script: line 36: accelerate: command not found
/var/share/slurm/d/job566140/slurm_script: line 38: accelerate: command not found
/var/share/slurm/d/job566140/slurm_script: line 40: accelerate: command not found
/var/share/slurm/d/job566140/slurm_script: line 42: accelerate: command not found
/var/share/slurm/d/job566140/slurm_script: line 44: accelerate: command not found
/var/share/slurm/d/job566140/slurm_script: line 46: accelerate: command not found
/var/share/slurm/d/job566140/slurm_script: line 48: accelerate: command not found
